-------------------------------------------------------------------------------
Test set: TestSuite
-------------------------------------------------------------------------------
Tests run: 3, Failures: 1, Errors: 0, Skipped: 1, Time elapsed: 22.247 s <<< FAILURE! - in TestSuite
invalidLoginTest_EmptyUserEmptyPassword(tests.LoginTests)  Time elapsed: 5.006 s  <<< FAILURE!
java.lang.AssertionError: expected [WRONG MESSAGE FOR FAILURE!] but found [Bu alanın doldurulması zorunludur.]
	at tests.LoginTests.invalidLoginTest_EmptyUserEmptyPassword(LoginTests.java:73)

